<?xml version="1.0" encoding="UTF-8"?>
<!-- Generated by org.testng.reporters.JUnitReportReporter -->
<testsuite hostname="LAPTOP-8M8NT59T" name="com.learnautomation.framework.testcases.CreateUserTest" tests="3" failures="0" timestamp="29 Nov 2020 08:41:45 GMT" time="12.903" errors="0">
  <testcase name="loginWithAdmin" time="4.613" classname="com.learnautomation.framework.testcases.CreateUserTest"/>
  <testcase name="signoutApp" time="1.250" classname="com.learnautomation.framework.testcases.CreateUserTest"/>
  <testcase name="createUser" time="7.040" classname="com.learnautomation.framework.testcases.CreateUserTest"/>
</testsuite> <!-- com.learnautomation.framework.testcases.CreateUserTest -->
