<?xml version="1.0" encoding="UTF-8"?>
<!-- Generated by org.testng.reporters.JUnitReportReporter -->
<testsuite hostname="LAPTOP-8M8NT59T" name="com.learnautomation.framework.unittest.UnitTest004_ExcelTest" tests="1" failures="0" timestamp="29 Nov 2020 08:02:15 GMT" time="1.580" errors="0">
  <testcase name="checkConfig" time="1.580" classname="com.learnautomation.framework.unittest.UnitTest004_ExcelTest"/>
</testsuite> <!-- com.learnautomation.framework.unittest.UnitTest004_ExcelTest -->
