<?xml version="1.0" encoding="UTF-8"?>
<!-- Generated by org.testng.reporters.JUnitReportReporter -->
<testsuite hostname="LAPTOP-8M8NT59T" name="com.learnautomation.framework.testcases.SearchEmployeeList" tests="1" failures="0" timestamp="17 Dec 2020 13:37:49 GMT" time="8.854" errors="0">
  <testcase name="searchEmpList" time="8.854" classname="com.learnautomation.framework.testcases.SearchEmployeeList"/>
</testsuite> <!-- com.learnautomation.framework.testcases.SearchEmployeeList -->
